13 三月 2016 | 16:14:00,915 | INFO  | main | bootLogger |     | SmartFoxServer 2X
13 三月 2016 | 16:14:00,954 | INFO  | main | bootLogger |     | BitSwarmEngine version: 3.30.1 { main }
13 三月 2016 | 16:14:00,954 | INFO  | main | bootLogger |     | System Info:
	Processor(s): 4
	VM Max. memory: 1839MB
	os.name: Windows 8
	os.arch: amd64
	os.version: 6.2
	java.version: 1.7.0_21
	java.vendor: Oracle Corporation
	java.vendor.url: http://java.oracle.com/
	java.vm.specification.version: 1.7
	java.vm.version: 23.21-b01
	java.vm.vendor: Oracle Corporation
	java.vm.name: Java HotSpot(TM) 64-Bit Server VM
	java.io.tmpdir: C:\Users\Daemon\AppData\Local\Temp\
	Default charset: UTF-8

13 三月 2016 | 16:14:01,051 | INFO  | main | bootLogger |     | Network Info:
	Card: Software Loopback Interface 1
		 ->127.0.0.1
		 ->0:0:0:0:0:0:0:1
	Card: Intel(R) 82579LM Gigabit Network Connection
		 ->fe80:0:0:0:a8b7:5b68:216b:9895%2
	Card: WAN Miniport (IP)
	Card: Microsoft Kernel Debug Network Adapter
	Card: WAN Miniport (PPPOE)
	Card: Microsoft ISATAP Adapter
	Card: Microsoft Wi-Fi Direct Virtual Adapter
		 ->fe80:0:0:0:85c:f985:b2f5:a6bb%7
	Card: WAN Miniport (SSTP)
	Card: Microsoft ISATAP Adapter #4
		 ->fe80:0:0:0:0:5efe:c0a8:4f%9
	Card: WAN Miniport (Network Monitor)
	Card: Intel(R) Centrino(R) Wireless-N 2200
		 ->192.168.0.79
		 ->fe80:0:0:0:4800:5fe8:a64e:f52a%11
	Card: WAN Miniport (IKEv2)
	Card: Microsoft Teredo Tunneling Adapter
		 ->2001:0:9d38:6abd:1847:1854:7d96:7925
		 ->fe80:0:0:0:1847:1854:7d96:7925%13
	Card: Microsoft ISATAP Adapter #3
	Card: Microsoft Hosted Network Virtual Adapter
	Card: WAN Miniport (L2TP)
	Card: WAN Miniport (PPTP)
	Card: WAN Miniport (IPv6)
	Card: TAP-Windows Adapter V9
		 ->fe80:0:0:0:25ab:21c5:c8a5:54cb%19
	Card: TAP-Windows Adapter V9-WFP Native MAC Layer LightWeight Filter-0000
	Card: TAP-Windows Adapter V9-QoS Packet Scheduler-0000
	Card: TAP-Windows Adapter V9-WFP 802.3 MAC Layer LightWeight Filter-0000
	Card: Intel(R) 82579LM Gigabit Network Connection-WFP Native MAC Layer LightWeight Filter-0000
	Card: Intel(R) 82579LM Gigabit Network Connection-QoS Packet Scheduler-0000
	Card: Intel(R) 82579LM Gigabit Network Connection-WFP 802.3 MAC Layer LightWeight Filter-0000
	Card: Intel(R) Centrino(R) Wireless-N 2200-WFP Native MAC Layer LightWeight Filter-0000
	Card: Intel(R) Centrino(R) Wireless-N 2200-Virtual WiFi Filter Driver-0000
	Card: Intel(R) Centrino(R) Wireless-N 2200-Native WiFi Filter Driver-0000
	Card: Intel(R) Centrino(R) Wireless-N 2200-QoS Packet Scheduler-0000
	Card: Intel(R) Centrino(R) Wireless-N 2200-WFP 802.3 MAC Layer LightWeight Filter-0000
	Card: Microsoft Wi-Fi Direct Virtual Adapter-WFP Native MAC Layer LightWeight Filter-0000
	Card: Microsoft Wi-Fi Direct Virtual Adapter-Native WiFi Filter Driver-0000
	Card: Microsoft Wi-Fi Direct Virtual Adapter-QoS Packet Scheduler-0000
	Card: Microsoft Wi-Fi Direct Virtual Adapter-WFP 802.3 MAC Layer LightWeight Filter-0000
	Card: WAN Miniport (IP)-WFP Native MAC Layer LightWeight Filter-0000
	Card: WAN Miniport (IP)-QoS Packet Scheduler-0000
	Card: WAN Miniport (IPv6)-WFP Native MAC Layer LightWeight Filter-0000
	Card: WAN Miniport (IPv6)-QoS Packet Scheduler-0000
	Card: WAN Miniport (Network Monitor)-WFP Native MAC Layer LightWeight Filter-0000
	Card: WAN Miniport (Network Monitor)-QoS Packet Scheduler-0000

13 三月 2016 | 16:14:01,059 | INFO  | main | bootLogger |     | Session manager ready: com.smartfoxserver.bitswarm.sessions.DefaultSessionManager@5ddbeafc
13 三月 2016 | 16:14:01,080 | INFO  | main | bootLogger |     | TCP Selector opened
13 三月 2016 | 16:14:01,089 | INFO  | main | bootLogger |     | UDP Selector opened
13 三月 2016 | 16:14:01,094 | INFO  | main | bootLogger |     | AcceptSelector opened
13 三月 2016 | 16:14:01,100 | INFO  | main | bootLogger |     | Added bound tcp socket --> 0.0.0.0:9933
13 三月 2016 | 16:14:01,102 | INFO  | main | bootLogger |     | Added bound udp socket --> 127.0.0.1:9933
13 三月 2016 | 16:14:01,102 | INFO  | main | bootLogger |     | Controller started: com.smartfoxserver.v2.controllers.v290.SystemReqController 
13 三月 2016 | 16:14:01,102 | INFO  | main | bootLogger |     | Controller started: com.smartfoxserver.v2.controllers.v290.SmasherReqController 
13 三月 2016 | 16:14:01,102 | INFO  | main | bootLogger |     | Controller started: com.smartfoxserver.v2.controllers.v290.ExtensionReqController 
13 三月 2016 | 16:14:01,103 | INFO  | main | bootLogger |     | IOHandler: com.smartfoxserver.v2.protocol.SFSIoHandler@7b6903c0
13 三月 2016 | 16:14:01,103 | INFO  | main | bootLogger |     | SocketReader started
13 三月 2016 | 16:14:01,103 | INFO  | main | bootLogger |     | SocketAcceptor initialized
13 三月 2016 | 16:14:01,110 | INFO  | main | bootLogger |     | Socket Writer started (pool size:3)
13 三月 2016 | 16:14:01,110 | INFO  | main | bootLogger |     | DatagramReader started
13 三月 2016 | 16:14:01,125 | INFO  | Scheduler1-thread-1 | bootLogger |     | Scheduler started: scheduler
13 三月 2016 | 16:14:01,127 | INFO  | main | bootLogger |     | Security Manager started
13 三月 2016 | 16:14:01,132 | INFO  | main | bootLogger |     | [[[ ===--- Boot sequence complete ---=== ]]]
13 三月 2016 | 16:14:14,616 | INFO  | main | bootLogger |     | SmartFoxServer 2X
13 三月 2016 | 16:14:14,619 | INFO  | main | bootLogger |     | BitSwarmEngine version: 3.30.1 { main }
13 三月 2016 | 16:14:14,619 | INFO  | main | bootLogger |     | System Info:
	Processor(s): 4
	VM Max. memory: 1839MB
	os.name: Windows 8
	os.arch: amd64
	os.version: 6.2
	java.version: 1.7.0_21
	java.vendor: Oracle Corporation
	java.vendor.url: http://java.oracle.com/
	java.vm.specification.version: 1.7
	java.vm.version: 23.21-b01
	java.vm.vendor: Oracle Corporation
	java.vm.name: Java HotSpot(TM) 64-Bit Server VM
	java.io.tmpdir: C:\Users\Daemon\AppData\Local\Temp\
	Default charset: UTF-8

13 三月 2016 | 16:14:14,729 | INFO  | main | bootLogger |     | Network Info:
	Card: Software Loopback Interface 1
		 ->127.0.0.1
		 ->0:0:0:0:0:0:0:1
	Card: Intel(R) 82579LM Gigabit Network Connection
		 ->fe80:0:0:0:a8b7:5b68:216b:9895%2
	Card: WAN Miniport (IP)
	Card: Microsoft Kernel Debug Network Adapter
	Card: WAN Miniport (PPPOE)
	Card: Microsoft ISATAP Adapter
	Card: Microsoft Wi-Fi Direct Virtual Adapter
		 ->fe80:0:0:0:85c:f985:b2f5:a6bb%7
	Card: WAN Miniport (SSTP)
	Card: Microsoft ISATAP Adapter #4
		 ->fe80:0:0:0:0:5efe:c0a8:4f%9
	Card: WAN Miniport (Network Monitor)
	Card: Intel(R) Centrino(R) Wireless-N 2200
		 ->192.168.0.79
		 ->fe80:0:0:0:4800:5fe8:a64e:f52a%11
	Card: WAN Miniport (IKEv2)
	Card: Microsoft Teredo Tunneling Adapter
		 ->2001:0:9d38:6abd:1847:1854:7d96:7925
		 ->fe80:0:0:0:1847:1854:7d96:7925%13
	Card: Microsoft ISATAP Adapter #3
	Card: Microsoft Hosted Network Virtual Adapter
	Card: WAN Miniport (L2TP)
	Card: WAN Miniport (PPTP)
	Card: WAN Miniport (IPv6)
	Card: TAP-Windows Adapter V9
		 ->fe80:0:0:0:25ab:21c5:c8a5:54cb%19
	Card: TAP-Windows Adapter V9-WFP Native MAC Layer LightWeight Filter-0000
	Card: TAP-Windows Adapter V9-QoS Packet Scheduler-0000
	Card: TAP-Windows Adapter V9-WFP 802.3 MAC Layer LightWeight Filter-0000
	Card: Intel(R) 82579LM Gigabit Network Connection-WFP Native MAC Layer LightWeight Filter-0000
	Card: Intel(R) 82579LM Gigabit Network Connection-QoS Packet Scheduler-0000
	Card: Intel(R) 82579LM Gigabit Network Connection-WFP 802.3 MAC Layer LightWeight Filter-0000
	Card: Intel(R) Centrino(R) Wireless-N 2200-WFP Native MAC Layer LightWeight Filter-0000
	Card: Intel(R) Centrino(R) Wireless-N 2200-Virtual WiFi Filter Driver-0000
	Card: Intel(R) Centrino(R) Wireless-N 2200-Native WiFi Filter Driver-0000
	Card: Intel(R) Centrino(R) Wireless-N 2200-QoS Packet Scheduler-0000
	Card: Intel(R) Centrino(R) Wireless-N 2200-WFP 802.3 MAC Layer LightWeight Filter-0000
	Card: Microsoft Wi-Fi Direct Virtual Adapter-WFP Native MAC Layer LightWeight Filter-0000
	Card: Microsoft Wi-Fi Direct Virtual Adapter-Native WiFi Filter Driver-0000
	Card: Microsoft Wi-Fi Direct Virtual Adapter-QoS Packet Scheduler-0000
	Card: Microsoft Wi-Fi Direct Virtual Adapter-WFP 802.3 MAC Layer LightWeight Filter-0000
	Card: WAN Miniport (IP)-WFP Native MAC Layer LightWeight Filter-0000
	Card: WAN Miniport (IP)-QoS Packet Scheduler-0000
	Card: WAN Miniport (IPv6)-WFP Native MAC Layer LightWeight Filter-0000
	Card: WAN Miniport (IPv6)-QoS Packet Scheduler-0000
	Card: WAN Miniport (Network Monitor)-WFP Native MAC Layer LightWeight Filter-0000
	Card: WAN Miniport (Network Monitor)-QoS Packet Scheduler-0000

13 三月 2016 | 16:14:14,736 | INFO  | main | bootLogger |     | Session manager ready: com.smartfoxserver.bitswarm.sessions.DefaultSessionManager@1c50c5b8
13 三月 2016 | 16:14:14,756 | INFO  | main | bootLogger |     | TCP Selector opened
13 三月 2016 | 16:14:14,765 | INFO  | main | bootLogger |     | UDP Selector opened
13 三月 2016 | 16:14:14,769 | INFO  | main | bootLogger |     | AcceptSelector opened
13 三月 2016 | 16:14:14,775 | WARN  | main | bootLogger |     | Was not able to bind socket: { 0.0.0.0:9933, (Tcp) }
13 三月 2016 | 16:14:14,777 | WARN  | main | bootLogger |     | Was not able to bind socket: { 127.0.0.1:9933, (Udp) }
13 三月 2016 | 16:14:14,778 | INFO  | main | bootLogger |     | Controller started: com.smartfoxserver.v2.controllers.v290.SystemReqController 
13 三月 2016 | 16:14:14,778 | INFO  | main | bootLogger |     | Controller started: com.smartfoxserver.v2.controllers.v290.SmasherReqController 
13 三月 2016 | 16:14:14,778 | INFO  | main | bootLogger |     | Controller started: com.smartfoxserver.v2.controllers.v290.ExtensionReqController 
13 三月 2016 | 16:14:14,779 | INFO  | main | bootLogger |     | IOHandler: com.smartfoxserver.v2.protocol.SFSIoHandler@220787d0
13 三月 2016 | 16:14:14,779 | INFO  | main | bootLogger |     | SocketReader started
13 三月 2016 | 16:14:14,779 | INFO  | main | bootLogger |     | SocketAcceptor initialized
13 三月 2016 | 16:14:14,779 | ERROR | main | bootLogger |     | No bound sockets! Check the boot logs for possible problems!
13 三月 2016 | 16:14:14,786 | INFO  | main | bootLogger |     | Socket Writer started (pool size:3)
13 三月 2016 | 16:14:14,786 | INFO  | main | bootLogger |     | DatagramReader started
13 三月 2016 | 16:14:14,803 | INFO  | Scheduler1-thread-1 | bootLogger |     | Scheduler started: scheduler
13 三月 2016 | 16:14:14,803 | INFO  | main | bootLogger |     | Security Manager started
13 三月 2016 | 16:14:14,807 | INFO  | main | bootLogger |     | [[[ ===--- Boot sequence complete ---=== ]]]
13 三月 2016 | 16:14:27,903 | INFO  | main | bootLogger |     | SmartFoxServer 2X
13 三月 2016 | 16:14:27,906 | INFO  | main | bootLogger |     | BitSwarmEngine version: 3.30.1 { main }
13 三月 2016 | 16:14:27,907 | INFO  | main | bootLogger |     | System Info:
	Processor(s): 4
	VM Max. memory: 1839MB
	os.name: Windows 8
	os.arch: amd64
	os.version: 6.2
	java.version: 1.7.0_21
	java.vendor: Oracle Corporation
	java.vendor.url: http://java.oracle.com/
	java.vm.specification.version: 1.7
	java.vm.version: 23.21-b01
	java.vm.vendor: Oracle Corporation
	java.vm.name: Java HotSpot(TM) 64-Bit Server VM
	java.io.tmpdir: C:\Users\Daemon\AppData\Local\Temp\
	Default charset: UTF-8

13 三月 2016 | 16:14:28,007 | INFO  | main | bootLogger |     | Network Info:
	Card: Software Loopback Interface 1
		 ->127.0.0.1
		 ->0:0:0:0:0:0:0:1
	Card: Intel(R) 82579LM Gigabit Network Connection
		 ->fe80:0:0:0:a8b7:5b68:216b:9895%2
	Card: WAN Miniport (IP)
	Card: Microsoft Kernel Debug Network Adapter
	Card: WAN Miniport (PPPOE)
	Card: Microsoft ISATAP Adapter
	Card: Microsoft Wi-Fi Direct Virtual Adapter
		 ->fe80:0:0:0:85c:f985:b2f5:a6bb%7
	Card: WAN Miniport (SSTP)
	Card: Microsoft ISATAP Adapter #4
		 ->fe80:0:0:0:0:5efe:c0a8:4f%9
	Card: WAN Miniport (Network Monitor)
	Card: Intel(R) Centrino(R) Wireless-N 2200
		 ->192.168.0.79
		 ->fe80:0:0:0:4800:5fe8:a64e:f52a%11
	Card: WAN Miniport (IKEv2)
	Card: Microsoft Teredo Tunneling Adapter
		 ->2001:0:9d38:6abd:1847:1854:7d96:7925
		 ->fe80:0:0:0:1847:1854:7d96:7925%13
	Card: Microsoft ISATAP Adapter #3
	Card: Microsoft Hosted Network Virtual Adapter
	Card: WAN Miniport (L2TP)
	Card: WAN Miniport (PPTP)
	Card: WAN Miniport (IPv6)
	Card: TAP-Windows Adapter V9
		 ->fe80:0:0:0:25ab:21c5:c8a5:54cb%19
	Card: TAP-Windows Adapter V9-WFP Native MAC Layer LightWeight Filter-0000
	Card: TAP-Windows Adapter V9-QoS Packet Scheduler-0000
	Card: TAP-Windows Adapter V9-WFP 802.3 MAC Layer LightWeight Filter-0000
	Card: Intel(R) 82579LM Gigabit Network Connection-WFP Native MAC Layer LightWeight Filter-0000
	Card: Intel(R) 82579LM Gigabit Network Connection-QoS Packet Scheduler-0000
	Card: Intel(R) 82579LM Gigabit Network Connection-WFP 802.3 MAC Layer LightWeight Filter-0000
	Card: Intel(R) Centrino(R) Wireless-N 2200-WFP Native MAC Layer LightWeight Filter-0000
	Card: Intel(R) Centrino(R) Wireless-N 2200-Virtual WiFi Filter Driver-0000
	Card: Intel(R) Centrino(R) Wireless-N 2200-Native WiFi Filter Driver-0000
	Card: Intel(R) Centrino(R) Wireless-N 2200-QoS Packet Scheduler-0000
	Card: Intel(R) Centrino(R) Wireless-N 2200-WFP 802.3 MAC Layer LightWeight Filter-0000
	Card: Microsoft Wi-Fi Direct Virtual Adapter-WFP Native MAC Layer LightWeight Filter-0000
	Card: Microsoft Wi-Fi Direct Virtual Adapter-Native WiFi Filter Driver-0000
	Card: Microsoft Wi-Fi Direct Virtual Adapter-QoS Packet Scheduler-0000
	Card: Microsoft Wi-Fi Direct Virtual Adapter-WFP 802.3 MAC Layer LightWeight Filter-0000
	Card: WAN Miniport (IP)-WFP Native MAC Layer LightWeight Filter-0000
	Card: WAN Miniport (IP)-QoS Packet Scheduler-0000
	Card: WAN Miniport (IPv6)-WFP Native MAC Layer LightWeight Filter-0000
	Card: WAN Miniport (IPv6)-QoS Packet Scheduler-0000
	Card: WAN Miniport (Network Monitor)-WFP Native MAC Layer LightWeight Filter-0000
	Card: WAN Miniport (Network Monitor)-QoS Packet Scheduler-0000

13 三月 2016 | 16:14:28,016 | INFO  | main | bootLogger |     | Session manager ready: com.smartfoxserver.bitswarm.sessions.DefaultSessionManager@4f689fee
13 三月 2016 | 16:14:28,038 | INFO  | main | bootLogger |     | TCP Selector opened
13 三月 2016 | 16:14:28,049 | INFO  | main | bootLogger |     | UDP Selector opened
13 三月 2016 | 16:14:28,053 | INFO  | main | bootLogger |     | AcceptSelector opened
13 三月 2016 | 16:14:28,060 | INFO  | main | bootLogger |     | Added bound tcp socket --> 0.0.0.0:9933
13 三月 2016 | 16:14:28,063 | INFO  | main | bootLogger |     | Added bound udp socket --> 127.0.0.1:9933
13 三月 2016 | 16:14:28,063 | INFO  | main | bootLogger |     | Controller started: com.smartfoxserver.v2.controllers.v290.SystemReqController 
13 三月 2016 | 16:14:28,063 | INFO  | main | bootLogger |     | Controller started: com.smartfoxserver.v2.controllers.v290.SmasherReqController 
13 三月 2016 | 16:14:28,063 | INFO  | main | bootLogger |     | Controller started: com.smartfoxserver.v2.controllers.v290.ExtensionReqController 
13 三月 2016 | 16:14:28,063 | INFO  | main | bootLogger |     | IOHandler: com.smartfoxserver.v2.protocol.SFSIoHandler@6c59cc22
13 三月 2016 | 16:14:28,063 | INFO  | main | bootLogger |     | SocketReader started
13 三月 2016 | 16:14:28,063 | INFO  | main | bootLogger |     | SocketAcceptor initialized
13 三月 2016 | 16:14:28,070 | INFO  | main | bootLogger |     | Socket Writer started (pool size:3)
13 三月 2016 | 16:14:28,071 | INFO  | main | bootLogger |     | DatagramReader started
13 三月 2016 | 16:14:28,091 | INFO  | main | bootLogger |     | Security Manager started
13 三月 2016 | 16:14:28,092 | INFO  | Scheduler1-thread-1 | bootLogger |     | Scheduler started: scheduler
13 三月 2016 | 16:14:28,096 | INFO  | main | bootLogger |     | [[[ ===--- Boot sequence complete ---=== ]]]
13 三月 2016 | 16:14:55,119 | INFO  | main | bootLogger |     | SmartFoxServer 2X
13 三月 2016 | 16:14:55,123 | INFO  | main | bootLogger |     | BitSwarmEngine version: 3.30.1 { main }
13 三月 2016 | 16:14:55,123 | INFO  | main | bootLogger |     | System Info:
	Processor(s): 4
	VM Max. memory: 1839MB
	os.name: Windows 8
	os.arch: amd64
	os.version: 6.2
	java.version: 1.7.0_21
	java.vendor: Oracle Corporation
	java.vendor.url: http://java.oracle.com/
	java.vm.specification.version: 1.7
	java.vm.version: 23.21-b01
	java.vm.vendor: Oracle Corporation
	java.vm.name: Java HotSpot(TM) 64-Bit Server VM
	java.io.tmpdir: C:\Users\Daemon\AppData\Local\Temp\
	Default charset: UTF-8

13 三月 2016 | 16:14:55,221 | INFO  | main | bootLogger |     | Network Info:
	Card: Software Loopback Interface 1
		 ->127.0.0.1
		 ->0:0:0:0:0:0:0:1
	Card: Intel(R) 82579LM Gigabit Network Connection
		 ->fe80:0:0:0:a8b7:5b68:216b:9895%2
	Card: WAN Miniport (IP)
	Card: Microsoft Kernel Debug Network Adapter
	Card: WAN Miniport (PPPOE)
	Card: Microsoft ISATAP Adapter
	Card: Microsoft Wi-Fi Direct Virtual Adapter
		 ->fe80:0:0:0:85c:f985:b2f5:a6bb%7
	Card: WAN Miniport (SSTP)
	Card: Microsoft ISATAP Adapter #4
		 ->fe80:0:0:0:0:5efe:c0a8:4f%9
	Card: WAN Miniport (Network Monitor)
	Card: Intel(R) Centrino(R) Wireless-N 2200
		 ->192.168.0.79
		 ->fe80:0:0:0:4800:5fe8:a64e:f52a%11
	Card: WAN Miniport (IKEv2)
	Card: Microsoft Teredo Tunneling Adapter
		 ->2001:0:9d38:6abd:1847:1854:7d96:7925
		 ->fe80:0:0:0:1847:1854:7d96:7925%13
	Card: Microsoft ISATAP Adapter #3
	Card: Microsoft Hosted Network Virtual Adapter
	Card: WAN Miniport (L2TP)
	Card: WAN Miniport (PPTP)
	Card: WAN Miniport (IPv6)
	Card: TAP-Windows Adapter V9
		 ->fe80:0:0:0:25ab:21c5:c8a5:54cb%19
	Card: TAP-Windows Adapter V9-WFP Native MAC Layer LightWeight Filter-0000
	Card: TAP-Windows Adapter V9-QoS Packet Scheduler-0000
	Card: TAP-Windows Adapter V9-WFP 802.3 MAC Layer LightWeight Filter-0000
	Card: Intel(R) 82579LM Gigabit Network Connection-WFP Native MAC Layer LightWeight Filter-0000
	Card: Intel(R) 82579LM Gigabit Network Connection-QoS Packet Scheduler-0000
	Card: Intel(R) 82579LM Gigabit Network Connection-WFP 802.3 MAC Layer LightWeight Filter-0000
	Card: Intel(R) Centrino(R) Wireless-N 2200-WFP Native MAC Layer LightWeight Filter-0000
	Card: Intel(R) Centrino(R) Wireless-N 2200-Virtual WiFi Filter Driver-0000
	Card: Intel(R) Centrino(R) Wireless-N 2200-Native WiFi Filter Driver-0000
	Card: Intel(R) Centrino(R) Wireless-N 2200-QoS Packet Scheduler-0000
	Card: Intel(R) Centrino(R) Wireless-N 2200-WFP 802.3 MAC Layer LightWeight Filter-0000
	Card: Microsoft Wi-Fi Direct Virtual Adapter-WFP Native MAC Layer LightWeight Filter-0000
	Card: Microsoft Wi-Fi Direct Virtual Adapter-Native WiFi Filter Driver-0000
	Card: Microsoft Wi-Fi Direct Virtual Adapter-QoS Packet Scheduler-0000
	Card: Microsoft Wi-Fi Direct Virtual Adapter-WFP 802.3 MAC Layer LightWeight Filter-0000
	Card: WAN Miniport (IP)-WFP Native MAC Layer LightWeight Filter-0000
	Card: WAN Miniport (IP)-QoS Packet Scheduler-0000
	Card: WAN Miniport (IPv6)-WFP Native MAC Layer LightWeight Filter-0000
	Card: WAN Miniport (IPv6)-QoS Packet Scheduler-0000
	Card: WAN Miniport (Network Monitor)-WFP Native MAC Layer LightWeight Filter-0000
	Card: WAN Miniport (Network Monitor)-QoS Packet Scheduler-0000

13 三月 2016 | 16:14:55,227 | INFO  | main | bootLogger |     | Session manager ready: com.smartfoxserver.bitswarm.sessions.DefaultSessionManager@11207688
13 三月 2016 | 16:14:55,248 | INFO  | main | bootLogger |     | TCP Selector opened
13 三月 2016 | 16:14:55,258 | INFO  | main | bootLogger |     | UDP Selector opened
13 三月 2016 | 16:14:55,262 | INFO  | main | bootLogger |     | AcceptSelector opened
13 三月 2016 | 16:14:55,268 | INFO  | main | bootLogger |     | Added bound tcp socket --> 0.0.0.0:9933
13 三月 2016 | 16:14:55,270 | INFO  | main | bootLogger |     | Added bound udp socket --> 127.0.0.1:9933
13 三月 2016 | 16:14:55,270 | INFO  | main | bootLogger |     | Controller started: com.smartfoxserver.v2.controllers.v290.SystemReqController 
13 三月 2016 | 16:14:55,270 | INFO  | main | bootLogger |     | Controller started: com.smartfoxserver.v2.controllers.v290.SmasherReqController 
13 三月 2016 | 16:14:55,270 | INFO  | main | bootLogger |     | Controller started: com.smartfoxserver.v2.controllers.v290.ExtensionReqController 
13 三月 2016 | 16:14:55,271 | INFO  | main | bootLogger |     | IOHandler: com.smartfoxserver.v2.protocol.SFSIoHandler@2b75718c
13 三月 2016 | 16:14:55,271 | INFO  | main | bootLogger |     | SocketReader started
13 三月 2016 | 16:14:55,271 | INFO  | main | bootLogger |     | SocketAcceptor initialized
13 三月 2016 | 16:14:55,278 | INFO  | main | bootLogger |     | Socket Writer started (pool size:3)
13 三月 2016 | 16:14:55,279 | INFO  | main | bootLogger |     | DatagramReader started
13 三月 2016 | 16:14:55,292 | INFO  | Scheduler1-thread-1 | bootLogger |     | Scheduler started: scheduler
13 三月 2016 | 16:14:55,295 | INFO  | main | bootLogger |     | Security Manager started
13 三月 2016 | 16:14:55,300 | INFO  | main | bootLogger |     | [[[ ===--- Boot sequence complete ---=== ]]]
13 三月 2016 | 16:15:11,102 | INFO  | main | bootLogger |     | SmartFoxServer 2X
13 三月 2016 | 16:15:11,104 | INFO  | main | bootLogger |     | BitSwarmEngine version: 3.30.1 { main }
13 三月 2016 | 16:15:11,106 | INFO  | main | bootLogger |     | System Info:
	Processor(s): 4
	VM Max. memory: 1839MB
	os.name: Windows 8
	os.arch: amd64
	os.version: 6.2
	java.version: 1.7.0_21
	java.vendor: Oracle Corporation
	java.vendor.url: http://java.oracle.com/
	java.vm.specification.version: 1.7
	java.vm.version: 23.21-b01
	java.vm.vendor: Oracle Corporation
	java.vm.name: Java HotSpot(TM) 64-Bit Server VM
	java.io.tmpdir: C:\Users\Daemon\AppData\Local\Temp\
	Default charset: UTF-8

13 三月 2016 | 16:15:11,205 | INFO  | main | bootLogger |     | Network Info:
	Card: Software Loopback Interface 1
		 ->127.0.0.1
		 ->0:0:0:0:0:0:0:1
	Card: Intel(R) 82579LM Gigabit Network Connection
		 ->fe80:0:0:0:a8b7:5b68:216b:9895%2
	Card: WAN Miniport (IP)
	Card: Microsoft Kernel Debug Network Adapter
	Card: WAN Miniport (PPPOE)
	Card: Microsoft ISATAP Adapter
	Card: Microsoft Wi-Fi Direct Virtual Adapter
		 ->fe80:0:0:0:85c:f985:b2f5:a6bb%7
	Card: WAN Miniport (SSTP)
	Card: Microsoft ISATAP Adapter #4
		 ->fe80:0:0:0:0:5efe:c0a8:4f%9
	Card: WAN Miniport (Network Monitor)
	Card: Intel(R) Centrino(R) Wireless-N 2200
		 ->192.168.0.79
		 ->fe80:0:0:0:4800:5fe8:a64e:f52a%11
	Card: WAN Miniport (IKEv2)
	Card: Microsoft Teredo Tunneling Adapter
		 ->2001:0:9d38:6abd:1847:1854:7d96:7925
		 ->fe80:0:0:0:1847:1854:7d96:7925%13
	Card: Microsoft ISATAP Adapter #3
	Card: Microsoft Hosted Network Virtual Adapter
	Card: WAN Miniport (L2TP)
	Card: WAN Miniport (PPTP)
	Card: WAN Miniport (IPv6)
	Card: TAP-Windows Adapter V9
		 ->fe80:0:0:0:25ab:21c5:c8a5:54cb%19
	Card: TAP-Windows Adapter V9-WFP Native MAC Layer LightWeight Filter-0000
	Card: TAP-Windows Adapter V9-QoS Packet Scheduler-0000
	Card: TAP-Windows Adapter V9-WFP 802.3 MAC Layer LightWeight Filter-0000
	Card: Intel(R) 82579LM Gigabit Network Connection-WFP Native MAC Layer LightWeight Filter-0000
	Card: Intel(R) 82579LM Gigabit Network Connection-QoS Packet Scheduler-0000
	Card: Intel(R) 82579LM Gigabit Network Connection-WFP 802.3 MAC Layer LightWeight Filter-0000
	Card: Intel(R) Centrino(R) Wireless-N 2200-WFP Native MAC Layer LightWeight Filter-0000
	Card: Intel(R) Centrino(R) Wireless-N 2200-Virtual WiFi Filter Driver-0000
	Card: Intel(R) Centrino(R) Wireless-N 2200-Native WiFi Filter Driver-0000
	Card: Intel(R) Centrino(R) Wireless-N 2200-QoS Packet Scheduler-0000
	Card: Intel(R) Centrino(R) Wireless-N 2200-WFP 802.3 MAC Layer LightWeight Filter-0000
	Card: Microsoft Wi-Fi Direct Virtual Adapter-WFP Native MAC Layer LightWeight Filter-0000
	Card: Microsoft Wi-Fi Direct Virtual Adapter-Native WiFi Filter Driver-0000
	Card: Microsoft Wi-Fi Direct Virtual Adapter-QoS Packet Scheduler-0000
	Card: Microsoft Wi-Fi Direct Virtual Adapter-WFP 802.3 MAC Layer LightWeight Filter-0000
	Card: WAN Miniport (IP)-WFP Native MAC Layer LightWeight Filter-0000
	Card: WAN Miniport (IP)-QoS Packet Scheduler-0000
	Card: WAN Miniport (IPv6)-WFP Native MAC Layer LightWeight Filter-0000
	Card: WAN Miniport (IPv6)-QoS Packet Scheduler-0000
	Card: WAN Miniport (Network Monitor)-WFP Native MAC Layer LightWeight Filter-0000
	Card: WAN Miniport (Network Monitor)-QoS Packet Scheduler-0000

13 三月 2016 | 16:15:11,212 | INFO  | main | bootLogger |     | Session manager ready: com.smartfoxserver.bitswarm.sessions.DefaultSessionManager@1a74645b
13 三月 2016 | 16:15:11,232 | INFO  | main | bootLogger |     | TCP Selector opened
13 三月 2016 | 16:15:11,241 | INFO  | main | bootLogger |     | UDP Selector opened
13 三月 2016 | 16:15:11,245 | INFO  | main | bootLogger |     | AcceptSelector opened
13 三月 2016 | 16:15:11,252 | INFO  | main | bootLogger |     | Added bound tcp socket --> 0.0.0.0:9933
13 三月 2016 | 16:15:11,254 | INFO  | main | bootLogger |     | Added bound udp socket --> 127.0.0.1:9933
13 三月 2016 | 16:15:11,254 | INFO  | main | bootLogger |     | Controller started: com.smartfoxserver.v2.controllers.v290.SystemReqController 
13 三月 2016 | 16:15:11,254 | INFO  | main | bootLogger |     | Controller started: com.smartfoxserver.v2.controllers.v290.SmasherReqController 
13 三月 2016 | 16:15:11,254 | INFO  | main | bootLogger |     | Controller started: com.smartfoxserver.v2.controllers.v290.ExtensionReqController 
13 三月 2016 | 16:15:11,254 | INFO  | main | bootLogger |     | IOHandler: com.smartfoxserver.v2.protocol.SFSIoHandler@75dcb2b9
13 三月 2016 | 16:15:11,254 | INFO  | main | bootLogger |     | SocketReader started
13 三月 2016 | 16:15:11,255 | INFO  | main | bootLogger |     | SocketAcceptor initialized
13 三月 2016 | 16:15:11,262 | INFO  | main | bootLogger |     | Socket Writer started (pool size:3)
13 三月 2016 | 16:15:11,271 | INFO  | main | bootLogger |     | DatagramReader started
13 三月 2016 | 16:15:11,277 | INFO  | Scheduler1-thread-1 | bootLogger |     | Scheduler started: scheduler
13 三月 2016 | 16:15:11,283 | INFO  | main | bootLogger |     | Security Manager started
13 三月 2016 | 16:15:11,288 | INFO  | main | bootLogger |     | [[[ ===--- Boot sequence complete ---=== ]]]
13 三月 2016 | 16:15:27,758 | ERROR | main | bootLogger |     | No bound sockets! Check the boot logs for possible problems!
